\BOOKMARK [0][-]{section*.1}{Title Page}{}% 1
\BOOKMARK [0][-]{section*.2}{Abstract}{}% 2
\BOOKMARK [0][-]{section*.4}{List of Tables}{}% 3
\BOOKMARK [0][-]{section*.5}{List of Figures}{}% 4
\BOOKMARK [0][-]{chapter.1}{Introduction}{}% 5
\BOOKMARK [1][-]{section.1.1}{Motivation}{chapter.1}% 6
\BOOKMARK [1][-]{section.1.2}{Contributions}{chapter.1}% 7
\BOOKMARK [0][-]{chapter.2}{Related Work}{}% 8
\BOOKMARK [0][-]{chapter.3}{Background}{}% 9
\BOOKMARK [1][-]{section.3.1}{Virtualization Technologies}{chapter.3}% 10
\BOOKMARK [2][-]{subsection.3.1.1}{Kernel-based Virtual Machines \(KVM\)}{section.3.1}% 11
\BOOKMARK [2][-]{subsection.3.1.2}{Linux Containers}{section.3.1}% 12
\BOOKMARK [2][-]{subsection.3.1.3}{Xen}{section.3.1}% 13
\BOOKMARK [1][-]{section.3.2}{Intelligent River\256 Middleware}{chapter.3}% 14
\BOOKMARK [0][-]{chapter.4}{Virtualization Overhead}{}% 15
\BOOKMARK [1][-]{section.4.1}{Experimental Conditions}{chapter.4}% 16
\BOOKMARK [1][-]{section.4.2}{CPU Overhead}{chapter.4}% 17
\BOOKMARK [1][-]{section.4.3}{Memory Overhead}{chapter.4}% 18
\BOOKMARK [1][-]{section.4.4}{Network Overhead}{chapter.4}% 19
\BOOKMARK [1][-]{section.4.5}{Disk I/O Overhead}{chapter.4}% 20
\BOOKMARK [1][-]{section.4.6}{Performance Comparison - System Benchmarks}{chapter.4}% 21
\BOOKMARK [1][-]{section.4.7}{Performance Comparison - Workload-Specific Benchmarks}{chapter.4}% 22
\BOOKMARK [1][-]{section.4.8}{Performance Comparison - Intelligent River\256 Middleware}{chapter.4}% 23
\BOOKMARK [2][-]{subsection.4.8.1}{Virtualization Performance - MongoDB}{section.4.8}% 24
\BOOKMARK [2][-]{subsection.4.8.2}{Virtualization Performance - RabbitMQ}{section.4.8}% 25
\BOOKMARK [2][-]{subsection.4.8.3}{Virtualization Performance - Triplestore}{section.4.8}% 26
\BOOKMARK [2][-]{subsection.4.8.4}{Virtualization Performance - Observation Workers}{section.4.8}% 27
\BOOKMARK [0][-]{chapter.5}{Operational Flexibility}{}% 28
\BOOKMARK [1][-]{section.5.1}{Operational Metrics}{chapter.5}% 29
\BOOKMARK [1][-]{section.5.2}{Operational features and constraints}{chapter.5}% 30
\BOOKMARK [0][-]{chapter.6}{Resource Entitlement}{}% 31
\BOOKMARK [0][-]{chapter.7}{Conclusion}{}% 32
\BOOKMARK [0][-]{section*.54}{Bibliography}{}% 33
